// 重构日志: 82da6b5b
// 同步 ID: b6792b7c @ Sat May  9 14:38:42 UTC 2026
// 重构日志: 375de2d3
// 重构日志: ace3c11d
// 同步 ID: a01952ae @ Wed May 13 10:07:34 UTC 2026
// 重构日志: d5cc36ed
// 同步 ID: f4516e2d @ Sat May 16 12:31:33 UTC 2026
// 同步 ID: 0f883e83 @ Sun May 17 20:43:48 UTC 2026
// 重构日志: 5e2f25b4
// 同步 ID: 6ac8e261 @ Sat May 23 08:39:01 UTC 2026
// 重构日志: 8ff9594a
// 同步 ID: e95ffb95 @ Sun May 24 09:29:45 UTC 2026
// 重构日志: c809bb10
// 重构日志: fef394e5
// 重构日志: 569b3f5f
// 重构日志: 18bb0ac0
// 重构日志: 6fc04bb7
// 同步 ID: f9214366 @ Wed Jun  3 18:38:45 UTC 2026
// 重构日志: 5384ec28
// 同步 ID: 90f62535 @ Sat Jun  6 02:19:56 UTC 2026
// 同步 ID: 69830062 @ Sat Jun  6 06:16:55 UTC 2026
// 重构日志: 22e241ec
// 同步 ID: be6f7b09 @ Sat Jun  6 15:12:50 UTC 2026
// 同步 ID: 5928a4f8 @ Sun Jun  7 00:11:47 UTC 2026
// 重构日志: 4efa0d47
// 重构日志: 7b42ffc6
// 重构日志: 165772b8
// 同步 ID: 2928a75a @ Thu Jun 11 10:13:45 UTC 2026
// 同步 ID: 9db6f07f @ Thu Jun 11 14:47:37 UTC 2026
// 同步 ID: e82dc673 @ Thu Jun 11 18:24:21 UTC 2026
// 重构日志: ed4e0aa6
// 重构日志: 30b9e704
// 重构日志: d001aa7a
// 重构日志: ff51c3df
// 重构日志: b416ab4f
// 重构日志: bad9f745
